<?xml version="1.0" encoding="UTF-8"?>
<testsuite xmlns:xsi="http://www.w3.org/2001/XMLSchema-instance" xsi:noNamespaceSchemaLocation="https://maven.apache.org/surefire/maven-surefire-plugin/xsd/surefire-test-report.xsd" name="me.seonbin.demospringmvc.user.UserControllerTest" time="0.827" tests="3" errors="0" skipped="0" failures="0">
  <properties>
[...]
</properties>
  <testcase name="createUser_JSON" classname="me.seonbin.demospringmvc.user.UserControllerTest" time="0.14"/>
  <testcase name="hello" classname="me.seonbin.demospringmvc.user.UserControllerTest" time="0.005"/>
  <testcase name="createUser_XML" classname="me.seonbin.demospringmvc.user.UserControllerTest" time="0.074"/>
</testsuite>